<?xml version="1.0" encoding="UTF-8"?>
<!-- Generated by org.testng.reporters.JUnitReportReporter -->
<testsuite hostname="Marcus-VirtualBox" name="com.mycompany.fortuneteller.jsf.maven.testTranslator" tests="6" failures="0" timestamp="5 Sep 2019 11:10:42 GMT" time="0.004" errors="0">
  <testcase name="testgetMessage" time="0.001" classname="com.mycompany.fortuneteller.jsf.maven.testTranslator"/>
  <testcase name="testgetMessageByAge" time="0.001" classname="com.mycompany.fortuneteller.jsf.maven.testTranslator"/>
  <testcase name="testgetTemporaryMessage" time="0.001" classname="com.mycompany.fortuneteller.jsf.maven.testTranslator"/>
  <testcase name="testgetMessageByGender" time="0.001" classname="com.mycompany.fortuneteller.jsf.maven.testTranslator"/>
  <testcase name="testgetMessageByOccupation" time="0.000" classname="com.mycompany.fortuneteller.jsf.maven.testTranslator"/>
  <testcase name="testgetMessageByName" time="0.000" classname="com.mycompany.fortuneteller.jsf.maven.testTranslator"/>
</testsuite> <!-- com.mycompany.fortuneteller.jsf.maven.testTranslator -->
