<?xml version="1.0" encoding="UTF-8"?>
<!-- Generated by org.testng.reporters.JUnitReportReporter -->
<testsuite hostname="Marcus-VirtualBox" name="com.mycompany.fortuneteller.jsf.maven.testPerson" tests="2" failures="0" timestamp="5 Sep 2019 11:10:42 GMT" time="0.009" errors="0">
  <testcase name="testsetMessage" time="0.001" classname="com.mycompany.fortuneteller.jsf.maven.testPerson"/>
  <testcase name="testgenerateMessage" time="0.008" classname="com.mycompany.fortuneteller.jsf.maven.testPerson"/>
</testsuite> <!-- com.mycompany.fortuneteller.jsf.maven.testPerson -->
