<?xml version="1.0" encoding="UTF-8"?>
<!-- Generated by org.testng.reporters.JUnitReportReporter -->
<testsuite hostname="Marcus-VirtualBox" name="com.mycompany.fortuneteller.jsf.maven.TestTest" tests="1" failures="0" timestamp="5 Sep 2019 11:10:42 GMT" time="0.004" errors="0">
  <testcase name="test" time="0.004" classname="com.mycompany.fortuneteller.jsf.maven.TestTest"/>
</testsuite> <!-- com.mycompany.fortuneteller.jsf.maven.TestTest -->
