<?xml version="1.0" encoding="UTF-8"?>
<!-- Generated by org.testng.reporters.JUnitReportReporter -->
<testsuite hostname="Marcus-VirtualBox" name="com.mycompany.fortuneteller.jsf.maven.testRandomGenerator" tests="3" failures="0" timestamp="5 Sep 2019 11:10:42 GMT" time="0.003" errors="0">
  <testcase name="testgetTwoRandomNumbers" time="0.001" classname="com.mycompany.fortuneteller.jsf.maven.testRandomGenerator"/>
  <testcase name="testgetOneRandomNumber" time="0.000" classname="com.mycompany.fortuneteller.jsf.maven.testRandomGenerator"/>
  <testcase name="testwhatFactorToConsider" time="0.002" classname="com.mycompany.fortuneteller.jsf.maven.testRandomGenerator"/>
</testsuite> <!-- com.mycompany.fortuneteller.jsf.maven.testRandomGenerator -->
